#
# A fatal error has been detected by the Java Runtime Environment:
#
#  EXCEPTION_ACCESS_VIOLATION (0xc0000005) at pc=0x00007ff8cfa93004, pid=10632, tid=15392
#
# JRE version: Java(TM) SE Runtime Environment (24.0+36) (build 24+36-3646)
# Java VM: Java HotSpot(TM) 64-Bit Server VM (24+36-3646, mixed mode, emulated-client, sharing, tiered, compressed oops, compressed class ptrs, g1 gc, windows-amd64)
# Problematic frame:
# C  [libasyncProfiler.dll+0x93004]
#
# No core dump will be written. Minidumps are not enabled by default on client versions of Windows
#
# JFR recording file will be written. Location: C:\Users\elkas\IdeaProjects\stage\hs_err_pid10632.jfr
#
# If you would like to submit a bug report, please visit:
#   https://bugreport.java.com/bugreport/crash.jsp
# The crash happened outside the Java Virtual Machine in native code.
# See problematic frame for where to report the bug.
#

---------------  S U M M A R Y ------------

Command Line: -XX:TieredStopAtLevel=1 -Dspring.output.ansi.enabled=always -Dcom.sun.management.jmxremote -Dspring.jmx.enabled=true -Dspring.liveBeansView.mbeanDomain -Dspring.application.admin.enabled=true -Dmanagement.endpoints.jmx.exposure.include=* -javaagent:C:\Program Files\JetBrains\IntelliJ IDEA 2024.3.5\lib\idea_rt.jar=58766 -agentpath:C:\Users\elkas\AppData\Local\Temp\idea_libasyncProfiler_dll_temp_folder\libasyncProfiler.dll=start,jfr,event=wall,interval=10ms,jfrsync=profile,cstack=no,file=C:\Users\elkas\IdeaSnapshots\StageApplication_2025_04_15_052930.jfr,dbghelppath=C:\Users\elkas\AppData\Local\Temp\idea_dbghelp_dll_temp_folder\dbghelp.dll,log=C:\Users\elkas\AppData\Local\Temp\StageApplication_2025_04_15_052930.jfr.log.txt,logLevel=DEBUG -Dfile.encoding=UTF-8 -Dsun.stdout.encoding=UTF-8 -Dsun.stderr.encoding=UTF-8 com.hamzaelkasmi.stage.StageApplication

Host: Intel(R) Core(TM) i5-6200U CPU @ 2.30GHz, 4 cores, 7G,  Windows 11 , 64 bit Build 22621 (10.0.22621.5124)
Time: Tue Apr 15 05:29:32 2025 Pacific Daylight Time elapsed time: 1.241630 seconds (0d 0h 0m 1s)

---------------  T H R E A D  ---------------

Current thread (0x0000028afff8daa0):  JavaThread "main"             [_thread_in_native, id=15392, stack(0x000000b196700000,0x000000b196800000) (1024K)]

Stack: [0x000000b196700000,0x000000b196800000],  sp=0x000000b1967fe6c0,  free space=1017k
Native frames: (J=compiled Java code, j=interpreted, Vv=VM code, C=native code)
C  [libasyncProfiler.dll+0x93004]  (no source info available)
C  [libasyncProfiler.dll+0x934db]  (no source info available)
C  [libasyncProfiler.dll+0x92134]  (no source info available)
C  [libasyncProfiler.dll+0x929aa]  (no source info available)
C  [libasyncProfiler.dll+0x8d561]  (no source info available)
C  [libasyncProfiler.dll+0x7ef21]  (no source info available)
C  [libasyncProfiler.dll+0x7dc38]  (no source info available)
C  [libasyncProfiler.dll+0x7db20]  (no source info available)
C  [libasyncProfiler.dll+0x83c3c]  (no source info available)
V  [jvm.dll+0x5e3a5e]  (no source info available)
V  [jvm.dll+0x8861e6]  (no source info available)
V  [jvm.dll+0x49604e]  (no source info available)
V  [jvm.dll+0x497e21]  (no source info available)
C  [jli.dll+0x52a1]  (no source info available)
C  [ucrtbase.dll+0x29333]  (no source info available)
C  [KERNEL32.DLL+0x1259d]  (no source info available)
C  [ntdll.dll+0x5af38]  (no source info available)


siginfo: EXCEPTION_ACCESS_VIOLATION (0xc0000005), reading address 0xffffffffffffffff


Registers:
RAX=0x0000000000000010, RBX=0x0000000000000000, RCX=0xffffffffffffffff, RDX=0x007ff897e42ff010
RSP=0x000000b1967fe6c0, RBP=0x0000028ad25cd940, RSI=0x000000b1967fe830, RDI=0x0000028ad25cd940
R8 =0x0000000000000042, R9 =0x0000000089501ee8, R10=0x00007ff8980b9fc0, R11=0x0000000000000002
R12=0x000000b1967fe830, R13=0x0000028afdd69480, R14=0x0000028afff8de68, R15=0x0000028afff8de68
RIP=0x00007ff8cfa93004, EFLAGS=0x0000000000010202

XMM[0]=0x0000000000000000 0x0000000000000000
XMM[1]=0x0000000000000000 0x0000000000000000
XMM[2]=0x0000000000000000 0x0000000000000000
XMM[3]=0x0000000000000000 0x0000000000000000
XMM[4]=0x0000000000000000 0x0000000000000000
XMM[5]=0x0000000000000000 0x0000000000000000
XMM[6]=0x0000000000000000 0x0000000000000000
XMM[7]=0x0000000000000000 0x0000000000000000
XMM[8]=0x0000000000000000 0x0000000000000000
XMM[9]=0x0000000000000000 0x0000000000000000
XMM[10]=0x0000000000000000 0x0000000000000000
XMM[11]=0x0000000000000000 0x0000000000000000
XMM[12]=0x0000000000000000 0x0000000000000000
XMM[13]=0x0000000000000000 0x0000000000000000
XMM[14]=0x0000000000000000 0x0000000000000000
XMM[15]=0x0000000000000000 0x0000000000000000
  MXCSR=0x00001fa0


Register to memory mapping:

RAX=0x0000000000000010 is an unknown value
RBX=0x0 is null
RCX=0xffffffffffffffff is an unknown value
RDX=0x007ff897e42ff010 is an unknown value
RSP=0x000000b1967fe6c0 is pointing into the stack for thread: 0x0000028afff8daa0
RBP=0x0000028ad25cd940 points into unknown readable memory: 0x0000000089501ee8 | e8 1e 50 89 00 00 00 00
RSI=0x000000b1967fe830 is pointing into the stack for thread: 0x0000028afff8daa0
RDI=0x0000028ad25cd940 points into unknown readable memory: 0x0000000089501ee8 | e8 1e 50 89 00 00 00 00
R8 =0x0000000000000042 is an unknown value
R9 =0x0000000089501ee8 is an oop: java.lang.Thread 
{0x0000000089501ee8} - klass: 'java/lang/Thread' - flags: 

 - ---- fields (total size 14 words):
 - 'threadLocalRandomProbe' 'I' @12  0 (0x00000000)
 - private volatile 'eetop' 'J' @16  2796023241376 (0x0000028afff8daa0)
 - private final 'tid' 'J' @24  3 (0x0000000000000003)
 - 'threadLocalRandomSeed' 'J' @32  0 (0x0000000000000000)
 - injected 'jvmti_thread_state' 'J' @40  2795253327408 (0x0000028ad214e630)
 - 'threadLocalRandomSecondarySeed' 'I' @48  0 (0x00000000)
 - injected 'jvmti_VTMS_transition_disable_count' 'I' @52  0 (0x00000000)
 - injected 'jfr_epoch' 'S' @56  0 (0x0000)
 - volatile 'interrupted' 'Z' @58  false (0x00)
 - injected 'jvmti_is_in_VTMS_transition' 'Z' @59  false (0x00)
 - private volatile 'name' 'Ljava/lang/String;' @60  "main"{0x0000000089501f58} (0x89501f58)
 - private volatile 'contextClassLoader' 'Ljava/lang/ClassLoader;' @64  a 'jdk/internal/loader/ClassLoaders$AppClassLoader'{0x0000000089532338} (0x89532338)
 - private final 'holder' 'Ljava/lang/Thread$FieldHolder;' @68  a 'java/lang/Thread$FieldHolder'{0x0000000089501f98} (0x89501f98)
 - 'threadLocals' 'Ljava/lang/ThreadLocal$ThreadLocalMap;' @72  a 'java/lang/ThreadLocal$ThreadLocalMap'{0x00000000893d1ab8} (0x893d1ab8)
 - 'inheritableThreadLocals' 'Ljava/lang/ThreadLocal$ThreadLocalMap;' @76  null (0x00000000)
 - private 'scopedValueBindings' 'Ljava/lang/Object;' @80  a 'java/lang/Class'{0x00000000ffe7c880} = 'java/lang/Thread' (0xffe7c880)
 - final 'interruptLock' 'Ljava/lang/Object;' @84  a 'java/lang/Object'{0x0000000089501f88} (0x89501f88)
 - private volatile 'parkBlocker' 'Ljava/lang/Object;' @88  null (0x00000000)
 - private 'nioBlocker' 'Lsun/nio/ch/Interruptible;' @92  null (0x00000000)
 - private 'cont' 'Ljdk/internal/vm/Continuation;' @96  null (0x00000000)
 - private volatile 'uncaughtExceptionHandler' 'Ljava/lang/Thread$UncaughtExceptionHandler;' @100  null (0x00000000)
 - private 'container' 'Ljdk/internal/vm/ThreadContainer;' @104  null (0x00000000)
 - private volatile 'headStackableScopes' 'Ljdk/internal/vm/StackableScope;' @108  null (0x00000000)
R10=0x00007ff8980b9fc0 jvm.dll
R11=0x0000000000000002 is an unknown value
R12=0x000000b1967fe830 is pointing into the stack for thread: 0x0000028afff8daa0
R13=0x0000028afdd69480 points into unknown readable memory: 0x00007ff89802a510 | 10 a5 02 98 f8 7f 00 00
R14=0x0000028afff8de68 points into unknown readable memory: 0x00007ff8980217b0 | b0 17 02 98 f8 7f 00 00
R15=0x0000028afff8de68 points into unknown readable memory: 0x00007ff8980217b0 | b0 17 02 98 f8 7f 00 00

Top of Stack: (sp=0x000000b1967fe6c0)
0x000000b1967fe6c0:   000000b1967fe830 0000028ad25cd940   0.......@.\.....
0x000000b1967fe6d0:   0000000000000000 0000028affee2cc0   .........,......
0x000000b1967fe6e0:   0000000000000019 00007ff8cfa934db   .........4......
0x000000b1967fe6f0:   0000000000000000 0000028afff8de68   ........h.......
0x000000b1967fe700:   000000b1967fe801 0000000000000000   ................
0x000000b1967fe710:   0000028ad7f3dd10 00007ff8cfa92134   ........4!......
0x000000b1967fe720:   0000000000000000 0000000000000019   ................
0x000000b1967fe730:   0000000000000000 0000000000000019   ................
0x000000b1967fe740:   00000009d2c07040 0000028ad7f52b20   @p...... +......
0x000000b1967fe750:   0000028ad7f3dd10 0000028ad7f3dd74   ........t.......
0x000000b1967fe760:   0000028ad7f3dd80 0000000000003524   ........$5......
0x000000b1967fe770:   0000000000000000 0000000000000000   ................
0x000000b1967fe780:   0000000000000000 00007ff8978858e4   .........X......
0x000000b1967fe790:   00007ff8cfbeae00 0000000000002988   .........)......
0x000000b1967fe7a0:   00007ff8cfbeae00 00000000ffffffff   ................
0x000000b1967fe7b0:   0000000000000000 00007ff8cfa929aa   .........)......
0x000000b1967fe7c0:   0000028afff8de68 0000000000000000   h...............
0x000000b1967fe7d0:   000000b1967fe839 0000028afdd69480   9...............
0x000000b1967fe7e0:   0000028ad7f5ddc0 0000000000000000   ................
0x000000b1967fe7f0:   0000000000000000 00007ff8cfb94118   .........A......
0x000000b1967fe800:   0000028afff8de68 00007ff8cfbeae00   h...............
0x000000b1967fe810:   0000000000100000 0000000000001000   ................
0x000000b1967fe820:   000000b1967fe9c8 0000028afff8de68   ........h.......
0x000000b1967fe830:   0000028ad223df00 0000028ad223e220   ..#..... .#.....
0x000000b1967fe840:   0000028ad223e220 00007ff8cfbeae00    .#.............
0x000000b1967fe850:   0000028ad7f5dfa0 0000028afdc70000   ................
0x000000b1967fe860:   000000b1967feb00 0000000000008840   ........@.......
0x000000b1967fe870:   00007ff8cfbdd080 00007ff8cfbeae50   ........P.......
0x000000b1967fe880:   0000000000989680 0000000000989680   ................
0x000000b1967fe890:   000000b1967fe9a0 00007ff8cfa8d561   ........a.......
0x000000b1967fe8a0:   00007ff8cfbeae00 00007ff8cfbeae58   ........X.......
0x000000b1967fe8b0:   00007ff800000000 0000028a00000001   ................

Instructions: (pc=0x00007ff8cfa93004)
  0x00007ff8cfa92f04:   cc cc cc cc cc cc cc cc cc cc cc cc cc cc cc cc
  0x00007ff8cfa92f14:   cc cc cc cc cc cc cc cc cc cc cc cc cc cc cc cc
  0x00007ff8cfa92f24:   cc cc cc cc cc cc cc cc cc cc cc cc cc cc cc cc
  0x00007ff8cfa92f34:   cc cc cc cc cc cc cc cc cc cc cc cc cc cc cc cc
  0x00007ff8cfa92f44:   cc cc cc cc cc cc cc cc cc cc cc cc cc cc cc cc
  0x00007ff8cfa92f54:   cc cc cc cc cc cc cc cc cc cc cc cc cc cc cc cc
  0x00007ff8cfa92f64:   cc cc cc cc cc cc cc cc cc cc cc cc cc cc cc cc
  0x00007ff8cfa92f74:   cc cc cc cc cc cc cc cc cc cc cc cc cc cc cc cc
  0x00007ff8cfa92f84:   cc cc cc cc cc cc cc cc cc cc cc cc 40 57 48 83
  0x00007ff8cfa92f94:   ec 20 48 8b f9 48 8b 0d 30 80 15 00 48 85 c9 74
  0x00007ff8cfa92fa4:   20 48 8b 01 48 8d 54 24 38 41 b8 06 00 01 00 4c
  0x00007ff8cfa92fb4:   8b 48 30 41 ff d1 85 c0 75 07 48 8b 4c 24 38 eb
  0x00007ff8cfa92fc4:   02 33 c9 4c 8b 05 0a 81 15 00 48 89 5c 24 30 4d
  0x00007ff8cfa92fd4:   85 c0 74 4a 48 8b 01 48 8b d7 4c 8b 88 28 03 00
  0x00007ff8cfa92fe4:   00 41 ff d1 48 85 c0 74 35 48 63 0d b8 3d 15 00
  0x00007ff8cfa92ff4:   48 8b 14 01 48 85 d2 74 15 48 63 05 bc 3d 15 00
=>0x00007ff8cfa93004:   8b 04 10 48 8b 5c 24 30 48 83 c4 20 5f c3 b8 ff
  0x00007ff8cfa93014:   ff ff ff 48 8b 5c 24 30 48 83 c4 20 5f c3 80 3d
  0x00007ff8cfa93024:   bb 7f 15 00 00 bb ff ff ff ff 74 20 4c 8b 0d 51
  0x00007ff8cfa93034:   7c 15 00 4c 8d 44 24 38 48 8b 0d 35 7c 15 00 48
  0x00007ff8cfa93044:   8b d7 41 ff d1 85 c0 0f 44 5c 24 38 8b c3 48 8b
  0x00007ff8cfa93054:   5c 24 30 48 83 c4 20 5f c3 cc cc cc cc cc cc cc
  0x00007ff8cfa93064:   cc cc cc cc cc cc cc cc cc cc cc cc cc cc cc cc
  0x00007ff8cfa93074:   cc cc cc cc cc cc cc cc cc cc cc cc cc cc cc cc
  0x00007ff8cfa93084:   cc cc cc cc cc cc cc cc cc cc cc cc 48 89 54 24
  0x00007ff8cfa93094:   10 53 55 56 57 41 56 41 57 48 83 ec 28 48 8b f2
  0x00007ff8cfa930a4:   4c 8b f1 48 89 4c 24 78 45 33 ff 44 89 7c 24 68
  0x00007ff8cfa930b4:   c7 44 24 60 01 00 00 00 48 8d 4c 24 68 e8 69 3c
  0x00007ff8cfa930c4:   f7 ff 8b d8 48 8d 4c 24 60 e8 5d 3c f7 ff 8b e8
  0x00007ff8cfa930d4:   49 8b ce e8 33 f3 f6 ff 48 8b f8 90 8b c3 f0 0f
  0x00007ff8cfa930e4:   b1 2f 74 04 f3 90 eb f4 4c 89 3e 4c 89 7e 08 4c
  0x00007ff8cfa930f4:   89 7e 10 49 8b 6e 08 4d 8b 76 10 49 3b ee 0f 84


Stack slot to memory mapping:

stack at sp + 0 slots: 0x000000b1967fe830 is pointing into the stack for thread: 0x0000028afff8daa0
stack at sp + 1 slots: 0x0000028ad25cd940 points into unknown readable memory: 0x0000000089501ee8 | e8 1e 50 89 00 00 00 00
stack at sp + 2 slots: 0x0 is null
stack at sp + 3 slots: 0x0000028affee2cc0 points into unknown readable memory: 0x6e616c2e6176616a | 6a 61 76 61 2e 6c 61 6e
stack at sp + 4 slots: 0x0000000000000019 is an unknown value
stack at sp + 5 slots: 0x00007ff8cfa934db libasyncProfiler.dll
stack at sp + 6 slots: 0x0 is null
stack at sp + 7 slots: 0x0000028afff8de68 points into unknown readable memory: 0x00007ff8980217b0 | b0 17 02 98 f8 7f 00 00

Lock stack of current Java thread (top to bottom):


---------------  P R O C E S S  ---------------

Threads class SMR info:
_java_thread_list=0x0000028ad7fc6ce0, length=14, elements={
0x0000028afff8daa0, 0x0000028affbe21f0, 0x0000028affbe31e0, 0x0000028affbe7e10,
0x0000028affbe8b40, 0x0000028affbeb9a0, 0x0000028ad20e0fe0, 0x0000028ad2117f00,
0x0000028ad21f7e00, 0x0000028ad2201310, 0x0000028ad2201aa0, 0x0000028ad25bfcc0,
0x0000028ad2a5a8f0, 0x0000028ad7fd16e0
}

Java Threads: ( => current thread )
=>0x0000028afff8daa0 JavaThread "main"                              [_thread_in_native, id=15392, stack(0x000000b196700000,0x000000b196800000) (1024K)]
  0x0000028affbe21f0 JavaThread "Reference Handler"          daemon [_thread_blocked, id=15652, stack(0x000000b196f00000,0x000000b197000000) (1024K)]
  0x0000028affbe31e0 JavaThread "Finalizer"                  daemon [_thread_blocked, id=15188, stack(0x000000b197000000,0x000000b197100000) (1024K)]
  0x0000028affbe7e10 JavaThread "Signal Dispatcher"          daemon [_thread_blocked, id=13444, stack(0x000000b197100000,0x000000b197200000) (1024K)]
  0x0000028affbe8b40 JavaThread "Attach Listener"            daemon [_thread_in_vm, id=12456, stack(0x000000b197200000,0x000000b197300000) (1024K)]
  0x0000028affbeb9a0 JavaThread "Service Thread"             daemon [_thread_blocked, id=5348, stack(0x000000b197300000,0x000000b197400000) (1024K)]
  0x0000028ad20e0fe0 JavaThread "Monitor Deflation Thread"   daemon [_thread_blocked, id=17744, stack(0x000000b197400000,0x000000b197500000) (1024K)]
  0x0000028ad2117f00 JavaThread "C1 CompilerThread0"         daemon [_thread_blocked, id=4080, stack(0x000000b197500000,0x000000b197600000) (1024K)]
  0x0000028ad21f7e00 JavaThread "Common-Cleaner"             daemon [_thread_blocked, id=11244, stack(0x000000b197600000,0x000000b197700000) (1024K)]
  0x0000028ad2201310 JavaThread "C1 CompilerThread1"         daemon [_thread_blocked, id=16192, stack(0x000000b197700000,0x000000b197800000) (1024K)]
  0x0000028ad2201aa0 JavaThread "C1 CompilerThread2"         daemon [_thread_blocked, id=14248, stack(0x000000b197800000,0x000000b197900000) (1024K)]
  0x0000028ad25bfcc0 JavaThread "Monitor Ctrl-Break"         daemon [_thread_in_native, id=18332, stack(0x000000b197900000,0x000000b197a00000) (1024K)]
  0x0000028ad2a5a8f0 JavaThread "JFR Recorder Thread"        daemon [_thread_in_native, id=10796, stack(0x000000b197a00000,0x000000b197b00000) (1024K)]
  0x0000028ad7fd16e0 JavaThread "JFR Periodic Tasks"         daemon [_thread_blocked, id=13604, stack(0x000000b197b00000,0x000000b197c00000) (1024K)]
Total: 14

Other Threads:
  0x0000028affbcd160 VMThread "VM Thread"                           [id=15524, stack(0x000000b196e00000,0x000000b196f00000) (1024K)]
  0x0000028affbc0be0 WatcherThread "VM Periodic Task Thread"        [id=8368, stack(0x000000b196d00000,0x000000b196e00000) (1024K)]
  0x0000028affab8cd0 WorkerThread "GC Thread#0"                     [id=17544, stack(0x000000b196800000,0x000000b196900000) (1024K)]
  0x0000028affacdd00 ConcurrentGCThread "G1 Main Marker"            [id=9520, stack(0x000000b196900000,0x000000b196a00000) (1024K)]
  0x0000028affad12a0 WorkerThread "G1 Conc#0"                       [id=13272, stack(0x000000b196a00000,0x000000b196b00000) (1024K)]
  0x0000028affb69040 ConcurrentGCThread "G1 Refine#0"               [id=13560, stack(0x000000b196b00000,0x000000b196c00000) (1024K)]
  0x0000028affb69ad0 ConcurrentGCThread "G1 Service"                [id=5640, stack(0x000000b196c00000,0x000000b196d00000) (1024K)]
Total: 7

Threads with active compile tasks:
Total: 0

VM state: not at safepoint (normal execution)

VM Mutex/Monitor currently owned by a thread: None

Heap address: 0x0000000081600000, size: 2026 MB, Compressed Oops mode: 32-bit

CDS archive(s) mapped at: [0x0000028a91000000-0x0000028a91d40000-0x0000028a91d40000), size 13893632, SharedBaseAddress: 0x0000028a91000000, ArchiveRelocationMode: 1.
Compressed class space mapped at: 0x0000028a92000000-0x0000028ad2000000, reserved size: 1073741824
UseCompressedClassPointers 1, UseCompactObjectHeaders 0
Narrow klass pointer bits 32, Max shift 3
Narrow klass base: 0x0000028a91000000, Narrow klass shift: 0
Encoding Range: [0x0000028a91000000 - 0x0000028b91000000), (4294967296 bytes)
Klass Range:    [0x0000028a91000000 - 0x0000028ad2000000), (1090519040 bytes)
Klass ID Range:  [8 - 1090519033) (1090519025)

GC Precious Log:
 CardTable entry size: 512
 Card Set container configuration: InlinePtr #cards 5 size 8 Array Of Cards #cards 10 size 36 Howl #buckets 4 coarsen threshold 1843 Howl Bitmap #cards 512 size 80 coarsen threshold 460 Card regions per heap region 1 cards per card region 2048
 CPUs: 4 total, 4 available
 Memory: 8097M
 Large Page Support: Disabled
 NUMA Support: Disabled
 Compressed Oops: Enabled (32-bit)
 Heap Region Size: 1M
 Heap Min Capacity: 8M
 Heap Initial Capacity: 128M
 Heap Max Capacity: 2026M
 Pre-touch: Disabled
 Parallel Workers: 4
 Concurrent Workers: 1
 Concurrent Refinement Workers: 4
 Periodic GC: Disabled

Heap:
 garbage-first heap   total reserved 2074624K, committed 133120K, used 24692K [0x0000000081600000, 0x0000000100000000)
  region size 1024K, 22 young (22528K), 0 survivors (0K)
 Metaspace       used 3954K, committed 4160K, reserved 1114112K
  class space    used 411K, committed 512K, reserved 1048576K

Heap Regions: E=young(eden), S=young(survivor), O=old, HS=humongous(starts), HC=humongous(continues), CS=collection set, F=free, TAMS=top-at-mark-start, PB=parsable bottom
|   0|0x0000000081600000, 0x0000000081700000, 0x0000000081700000|100%|HS|  |TAMS 0x0000000081600000| PB 0x0000000081600000| Complete |  0
|   1|0x0000000081700000, 0x0000000081800000, 0x0000000081800000|100%|HS|  |TAMS 0x0000000081700000| PB 0x0000000081700000| Complete |  0
|   2|0x0000000081800000, 0x0000000081800000, 0x0000000081900000|  0%| F|  |TAMS 0x0000000081800000| PB 0x0000000081800000| Untracked |  0
|   3|0x0000000081900000, 0x0000000081900000, 0x0000000081a00000|  0%| F|  |TAMS 0x0000000081900000| PB 0x0000000081900000| Untracked |  0
|   4|0x0000000081a00000, 0x0000000081a00000, 0x0000000081b00000|  0%| F|  |TAMS 0x0000000081a00000| PB 0x0000000081a00000| Untracked |  0
|   5|0x0000000081b00000, 0x0000000081b00000, 0x0000000081c00000|  0%| F|  |TAMS 0x0000000081b00000| PB 0x0000000081b00000| Untracked |  0
|   6|0x0000000081c00000, 0x0000000081c00000, 0x0000000081d00000|  0%| F|  |TAMS 0x0000000081c00000| PB 0x0000000081c00000| Untracked |  0
|   7|0x0000000081d00000, 0x0000000081d00000, 0x0000000081e00000|  0%| F|  |TAMS 0x0000000081d00000| PB 0x0000000081d00000| Untracked |  0
|   8|0x0000000081e00000, 0x0000000081e00000, 0x0000000081f00000|  0%| F|  |TAMS 0x0000000081e00000| PB 0x0000000081e00000| Untracked |  0
|   9|0x0000000081f00000, 0x0000000081f00000, 0x0000000082000000|  0%| F|  |TAMS 0x0000000081f00000| PB 0x0000000081f00000| Untracked |  0
|  10|0x0000000082000000, 0x0000000082000000, 0x0000000082100000|  0%| F|  |TAMS 0x0000000082000000| PB 0x0000000082000000| Untracked |  0
|  11|0x0000000082100000, 0x0000000082100000, 0x0000000082200000|  0%| F|  |TAMS 0x0000000082100000| PB 0x0000000082100000| Untracked |  0
|  12|0x0000000082200000, 0x0000000082200000, 0x0000000082300000|  0%| F|  |TAMS 0x0000000082200000| PB 0x0000000082200000| Untracked |  0
|  13|0x0000000082300000, 0x0000000082300000, 0x0000000082400000|  0%| F|  |TAMS 0x0000000082300000| PB 0x0000000082300000| Untracked |  0
|  14|0x0000000082400000, 0x0000000082400000, 0x0000000082500000|  0%| F|  |TAMS 0x0000000082400000| PB 0x0000000082400000| Untracked |  0
|  15|0x0000000082500000, 0x0000000082500000, 0x0000000082600000|  0%| F|  |TAMS 0x0000000082500000| PB 0x0000000082500000| Untracked |  0
|  16|0x0000000082600000, 0x0000000082600000, 0x0000000082700000|  0%| F|  |TAMS 0x0000000082600000| PB 0x0000000082600000| Untracked |  0
|  17|0x0000000082700000, 0x0000000082700000, 0x0000000082800000|  0%| F|  |TAMS 0x0000000082700000| PB 0x0000000082700000| Untracked |  0
|  18|0x0000000082800000, 0x0000000082800000, 0x0000000082900000|  0%| F|  |TAMS 0x0000000082800000| PB 0x0000000082800000| Untracked |  0
|  19|0x0000000082900000, 0x0000000082900000, 0x0000000082a00000|  0%| F|  |TAMS 0x0000000082900000| PB 0x0000000082900000| Untracked |  0
|  20|0x0000000082a00000, 0x0000000082a00000, 0x0000000082b00000|  0%| F|  |TAMS 0x0000000082a00000| PB 0x0000000082a00000| Untracked |  0
|  21|0x0000000082b00000, 0x0000000082b00000, 0x0000000082c00000|  0%| F|  |TAMS 0x0000000082b00000| PB 0x0000000082b00000| Untracked |  0
|  22|0x0000000082c00000, 0x0000000082c00000, 0x0000000082d00000|  0%| F|  |TAMS 0x0000000082c00000| PB 0x0000000082c00000| Untracked |  0
|  23|0x0000000082d00000, 0x0000000082d00000, 0x0000000082e00000|  0%| F|  |TAMS 0x0000000082d00000| PB 0x0000000082d00000| Untracked |  0
|  24|0x0000000082e00000, 0x0000000082e00000, 0x0000000082f00000|  0%| F|  |TAMS 0x0000000082e00000| PB 0x0000000082e00000| Untracked |  0
|  25|0x0000000082f00000, 0x0000000082f00000, 0x0000000083000000|  0%| F|  |TAMS 0x0000000082f00000| PB 0x0000000082f00000| Untracked |  0
|  26|0x0000000083000000, 0x0000000083000000, 0x0000000083100000|  0%| F|  |TAMS 0x0000000083000000| PB 0x0000000083000000| Untracked |  0
|  27|0x0000000083100000, 0x0000000083100000, 0x0000000083200000|  0%| F|  |TAMS 0x0000000083100000| PB 0x0000000083100000| Untracked |  0
|  28|0x0000000083200000, 0x0000000083200000, 0x0000000083300000|  0%| F|  |TAMS 0x0000000083200000| PB 0x0000000083200000| Untracked |  0
|  29|0x0000000083300000, 0x0000000083300000, 0x0000000083400000|  0%| F|  |TAMS 0x0000000083300000| PB 0x0000000083300000| Untracked |  0
|  30|0x0000000083400000, 0x0000000083400000, 0x0000000083500000|  0%| F|  |TAMS 0x0000000083400000| PB 0x0000000083400000| Untracked |  0
|  31|0x0000000083500000, 0x0000000083500000, 0x0000000083600000|  0%| F|  |TAMS 0x0000000083500000| PB 0x0000000083500000| Untracked |  0
|  32|0x0000000083600000, 0x0000000083600000, 0x0000000083700000|  0%| F|  |TAMS 0x0000000083600000| PB 0x0000000083600000| Untracked |  0
|  33|0x0000000083700000, 0x0000000083700000, 0x0000000083800000|  0%| F|  |TAMS 0x0000000083700000| PB 0x0000000083700000| Untracked |  0
|  34|0x0000000083800000, 0x0000000083800000, 0x0000000083900000|  0%| F|  |TAMS 0x0000000083800000| PB 0x0000000083800000| Untracked |  0
|  35|0x0000000083900000, 0x0000000083900000, 0x0000000083a00000|  0%| F|  |TAMS 0x0000000083900000| PB 0x0000000083900000| Untracked |  0
|  36|0x0000000083a00000, 0x0000000083a00000, 0x0000000083b00000|  0%| F|  |TAMS 0x0000000083a00000| PB 0x0000000083a00000| Untracked |  0
|  37|0x0000000083b00000, 0x0000000083b00000, 0x0000000083c00000|  0%| F|  |TAMS 0x0000000083b00000| PB 0x0000000083b00000| Untracked |  0
|  38|0x0000000083c00000, 0x0000000083c00000, 0x0000000083d00000|  0%| F|  |TAMS 0x0000000083c00000| PB 0x0000000083c00000| Untracked |  0
|  39|0x0000000083d00000, 0x0000000083d00000, 0x0000000083e00000|  0%| F|  |TAMS 0x0000000083d00000| PB 0x0000000083d00000| Untracked |  0
|  40|0x0000000083e00000, 0x0000000083e00000, 0x0000000083f00000|  0%| F|  |TAMS 0x0000000083e00000| PB 0x0000000083e00000| Untracked |  0
|  41|0x0000000083f00000, 0x0000000083f00000, 0x0000000084000000|  0%| F|  |TAMS 0x0000000083f00000| PB 0x0000000083f00000| Untracked |  0
|  42|0x0000000084000000, 0x0000000084000000, 0x0000000084100000|  0%| F|  |TAMS 0x0000000084000000| PB 0x0000000084000000| Untracked |  0
|  43|0x0000000084100000, 0x0000000084100000, 0x0000000084200000|  0%| F|  |TAMS 0x0000000084100000| PB 0x0000000084100000| Untracked |  0
|  44|0x0000000084200000, 0x0000000084200000, 0x0000000084300000|  0%| F|  |TAMS 0x0000000084200000| PB 0x0000000084200000| Untracked |  0
|  45|0x0000000084300000, 0x0000000084300000, 0x0000000084400000|  0%| F|  |TAMS 0x0000000084300000| PB 0x0000000084300000| Untracked |  0
|  46|0x0000000084400000, 0x0000000084400000, 0x0000000084500000|  0%| F|  |TAMS 0x0000000084400000| PB 0x0000000084400000| Untracked |  0
|  47|0x0000000084500000, 0x0000000084500000, 0x0000000084600000|  0%| F|  |TAMS 0x0000000084500000| PB 0x0000000084500000| Untracked |  0
|  48|0x0000000084600000, 0x0000000084600000, 0x0000000084700000|  0%| F|  |TAMS 0x0000000084600000| PB 0x0000000084600000| Untracked |  0
|  49|0x0000000084700000, 0x0000000084700000, 0x0000000084800000|  0%| F|  |TAMS 0x0000000084700000| PB 0x0000000084700000| Untracked |  0
|  50|0x0000000084800000, 0x0000000084800000, 0x0000000084900000|  0%| F|  |TAMS 0x0000000084800000| PB 0x0000000084800000| Untracked |  0
|  51|0x0000000084900000, 0x0000000084900000, 0x0000000084a00000|  0%| F|  |TAMS 0x0000000084900000| PB 0x0000000084900000| Untracked |  0
|  52|0x0000000084a00000, 0x0000000084a00000, 0x0000000084b00000|  0%| F|  |TAMS 0x0000000084a00000| PB 0x0000000084a00000| Untracked |  0
|  53|0x0000000084b00000, 0x0000000084b00000, 0x0000000084c00000|  0%| F|  |TAMS 0x0000000084b00000| PB 0x0000000084b00000| Untracked |  0
|  54|0x0000000084c00000, 0x0000000084c00000, 0x0000000084d00000|  0%| F|  |TAMS 0x0000000084c00000| PB 0x0000000084c00000| Untracked |  0
|  55|0x0000000084d00000, 0x0000000084d00000, 0x0000000084e00000|  0%| F|  |TAMS 0x0000000084d00000| PB 0x0000000084d00000| Untracked |  0
|  56|0x0000000084e00000, 0x0000000084e00000, 0x0000000084f00000|  0%| F|  |TAMS 0x0000000084e00000| PB 0x0000000084e00000| Untracked |  0
|  57|0x0000000084f00000, 0x0000000084f00000, 0x0000000085000000|  0%| F|  |TAMS 0x0000000084f00000| PB 0x0000000084f00000| Untracked |  0
|  58|0x0000000085000000, 0x0000000085000000, 0x0000000085100000|  0%| F|  |TAMS 0x0000000085000000| PB 0x0000000085000000| Untracked |  0
|  59|0x0000000085100000, 0x0000000085100000, 0x0000000085200000|  0%| F|  |TAMS 0x0000000085100000| PB 0x0000000085100000| Untracked |  0
|  60|0x0000000085200000, 0x0000000085200000, 0x0000000085300000|  0%| F|  |TAMS 0x0000000085200000| PB 0x0000000085200000| Untracked |  0
|  61|0x0000000085300000, 0x0000000085300000, 0x0000000085400000|  0%| F|  |TAMS 0x0000000085300000| PB 0x0000000085300000| Untracked |  0
|  62|0x0000000085400000, 0x0000000085400000, 0x0000000085500000|  0%| F|  |TAMS 0x0000000085400000| PB 0x0000000085400000| Untracked |  0
|  63|0x0000000085500000, 0x0000000085500000, 0x0000000085600000|  0%| F|  |TAMS 0x0000000085500000| PB 0x0000000085500000| Untracked |  0
|  64|0x0000000085600000, 0x0000000085600000, 0x0000000085700000|  0%| F|  |TAMS 0x0000000085600000| PB 0x0000000085600000| Untracked |  0
|  65|0x0000000085700000, 0x0000000085700000, 0x0000000085800000|  0%| F|  |TAMS 0x0000000085700000| PB 0x0000000085700000| Untracked |  0
|  66|0x0000000085800000, 0x0000000085800000, 0x0000000085900000|  0%| F|  |TAMS 0x0000000085800000| PB 0x0000000085800000| Untracked |  0
|  67|0x0000000085900000, 0x0000000085900000, 0x0000000085a00000|  0%| F|  |TAMS 0x0000000085900000| PB 0x0000000085900000| Untracked |  0
|  68|0x0000000085a00000, 0x0000000085a00000, 0x0000000085b00000|  0%| F|  |TAMS 0x0000000085a00000| PB 0x0000000085a00000| Untracked |  0
|  69|0x0000000085b00000, 0x0000000085b00000, 0x0000000085c00000|  0%| F|  |TAMS 0x0000000085b00000| PB 0x0000000085b00000| Untracked |  0
|  70|0x0000000085c00000, 0x0000000085c00000, 0x0000000085d00000|  0%| F|  |TAMS 0x0000000085c00000| PB 0x0000000085c00000| Untracked |  0
|  71|0x0000000085d00000, 0x0000000085d00000, 0x0000000085e00000|  0%| F|  |TAMS 0x0000000085d00000| PB 0x0000000085d00000| Untracked |  0
|  72|0x0000000085e00000, 0x0000000085e00000, 0x0000000085f00000|  0%| F|  |TAMS 0x0000000085e00000| PB 0x0000000085e00000| Untracked |  0
|  73|0x0000000085f00000, 0x0000000085f00000, 0x0000000086000000|  0%| F|  |TAMS 0x0000000085f00000| PB 0x0000000085f00000| Untracked |  0
|  74|0x0000000086000000, 0x0000000086000000, 0x0000000086100000|  0%| F|  |TAMS 0x0000000086000000| PB 0x0000000086000000| Untracked |  0
|  75|0x0000000086100000, 0x0000000086100000, 0x0000000086200000|  0%| F|  |TAMS 0x0000000086100000| PB 0x0000000086100000| Untracked |  0
|  76|0x0000000086200000, 0x0000000086200000, 0x0000000086300000|  0%| F|  |TAMS 0x0000000086200000| PB 0x0000000086200000| Untracked |  0
|  77|0x0000000086300000, 0x0000000086300000, 0x0000000086400000|  0%| F|  |TAMS 0x0000000086300000| PB 0x0000000086300000| Untracked |  0
|  78|0x0000000086400000, 0x0000000086400000, 0x0000000086500000|  0%| F|  |TAMS 0x0000000086400000| PB 0x0000000086400000| Untracked |  0
|  79|0x0000000086500000, 0x0000000086500000, 0x0000000086600000|  0%| F|  |TAMS 0x0000000086500000| PB 0x0000000086500000| Untracked |  0
|  80|0x0000000086600000, 0x0000000086600000, 0x0000000086700000|  0%| F|  |TAMS 0x0000000086600000| PB 0x0000000086600000| Untracked |  0
|  81|0x0000000086700000, 0x0000000086700000, 0x0000000086800000|  0%| F|  |TAMS 0x0000000086700000| PB 0x0000000086700000| Untracked |  0
|  82|0x0000000086800000, 0x0000000086800000, 0x0000000086900000|  0%| F|  |TAMS 0x0000000086800000| PB 0x0000000086800000| Untracked |  0
|  83|0x0000000086900000, 0x0000000086900000, 0x0000000086a00000|  0%| F|  |TAMS 0x0000000086900000| PB 0x0000000086900000| Untracked |  0
|  84|0x0000000086a00000, 0x0000000086a00000, 0x0000000086b00000|  0%| F|  |TAMS 0x0000000086a00000| PB 0x0000000086a00000| Untracked |  0
|  85|0x0000000086b00000, 0x0000000086b00000, 0x0000000086c00000|  0%| F|  |TAMS 0x0000000086b00000| PB 0x0000000086b00000| Untracked |  0
|  86|0x0000000086c00000, 0x0000000086c00000, 0x0000000086d00000|  0%| F|  |TAMS 0x0000000086c00000| PB 0x0000000086c00000| Untracked |  0
|  87|0x0000000086d00000, 0x0000000086d00000, 0x0000000086e00000|  0%| F|  |TAMS 0x0000000086d00000| PB 0x0000000086d00000| Untracked |  0
|  88|0x0000000086e00000, 0x0000000086e00000, 0x0000000086f00000|  0%| F|  |TAMS 0x0000000086e00000| PB 0x0000000086e00000| Untracked |  0
|  89|0x0000000086f00000, 0x0000000086f00000, 0x0000000087000000|  0%| F|  |TAMS 0x0000000086f00000| PB 0x0000000086f00000| Untracked |  0
|  90|0x0000000087000000, 0x0000000087000000, 0x0000000087100000|  0%| F|  |TAMS 0x0000000087000000| PB 0x0000000087000000| Untracked |  0
|  91|0x0000000087100000, 0x0000000087100000, 0x0000000087200000|  0%| F|  |TAMS 0x0000000087100000| PB 0x0000000087100000| Untracked |  0
|  92|0x0000000087200000, 0x0000000087200000, 0x0000000087300000|  0%| F|  |TAMS 0x0000000087200000| PB 0x0000000087200000| Untracked |  0
|  93|0x0000000087300000, 0x0000000087300000, 0x0000000087400000|  0%| F|  |TAMS 0x0000000087300000| PB 0x0000000087300000| Untracked |  0
|  94|0x0000000087400000, 0x0000000087400000, 0x0000000087500000|  0%| F|  |TAMS 0x0000000087400000| PB 0x0000000087400000| Untracked |  0
|  95|0x0000000087500000, 0x0000000087500000, 0x0000000087600000|  0%| F|  |TAMS 0x0000000087500000| PB 0x0000000087500000| Untracked |  0
|  96|0x0000000087600000, 0x0000000087600000, 0x0000000087700000|  0%| F|  |TAMS 0x0000000087600000| PB 0x0000000087600000| Untracked |  0
|  97|0x0000000087700000, 0x0000000087700000, 0x0000000087800000|  0%| F|  |TAMS 0x0000000087700000| PB 0x0000000087700000| Untracked |  0
|  98|0x0000000087800000, 0x0000000087800000, 0x0000000087900000|  0%| F|  |TAMS 0x0000000087800000| PB 0x0000000087800000| Untracked |  0
|  99|0x0000000087900000, 0x0000000087900000, 0x0000000087a00000|  0%| F|  |TAMS 0x0000000087900000| PB 0x0000000087900000| Untracked |  0
| 100|0x0000000087a00000, 0x0000000087a00000, 0x0000000087b00000|  0%| F|  |TAMS 0x0000000087a00000| PB 0x0000000087a00000| Untracked |  0
| 101|0x0000000087b00000, 0x0000000087b00000, 0x0000000087c00000|  0%| F|  |TAMS 0x0000000087b00000| PB 0x0000000087b00000| Untracked |  0
| 102|0x0000000087c00000, 0x0000000087c00000, 0x0000000087d00000|  0%| F|  |TAMS 0x0000000087c00000| PB 0x0000000087c00000| Untracked |  0
| 103|0x0000000087d00000, 0x0000000087d00000, 0x0000000087e00000|  0%| F|  |TAMS 0x0000000087d00000| PB 0x0000000087d00000| Untracked |  0
| 104|0x0000000087e00000, 0x0000000087e00000, 0x0000000087f00000|  0%| F|  |TAMS 0x0000000087e00000| PB 0x0000000087e00000| Untracked |  0
| 105|0x0000000087f00000, 0x0000000087f00000, 0x0000000088000000|  0%| F|  |TAMS 0x0000000087f00000| PB 0x0000000087f00000| Untracked |  0
| 106|0x0000000088000000, 0x0000000088100000, 0x0000000088100000|100%| E|  |TAMS 0x0000000088000000| PB 0x0000000088000000| Complete |  0
| 107|0x0000000088100000, 0x0000000088200000, 0x0000000088200000|100%| E|CS|TAMS 0x0000000088100000| PB 0x0000000088100000| Complete |  0
| 108|0x0000000088200000, 0x0000000088300000, 0x0000000088300000|100%| E|CS|TAMS 0x0000000088200000| PB 0x0000000088200000| Complete |  0
| 109|0x0000000088300000, 0x0000000088400000, 0x0000000088400000|100%| E|CS|TAMS 0x0000000088300000| PB 0x0000000088300000| Complete |  0
| 110|0x0000000088400000, 0x0000000088500000, 0x0000000088500000|100%| E|CS|TAMS 0x0000000088400000| PB 0x0000000088400000| Complete |  0
| 111|0x0000000088500000, 0x0000000088600000, 0x0000000088600000|100%| E|CS|TAMS 0x0000000088500000| PB 0x0000000088500000| Complete |  0
| 112|0x0000000088600000, 0x0000000088700000, 0x0000000088700000|100%| E|CS|TAMS 0x0000000088600000| PB 0x0000000088600000| Complete |  0
| 113|0x0000000088700000, 0x0000000088800000, 0x0000000088800000|100%| E|CS|TAMS 0x0000000088700000| PB 0x0000000088700000| Complete |  0
| 114|0x0000000088800000, 0x0000000088900000, 0x0000000088900000|100%| E|CS|TAMS 0x0000000088800000| PB 0x0000000088800000| Complete |  0
| 115|0x0000000088900000, 0x0000000088a00000, 0x0000000088a00000|100%| E|CS|TAMS 0x0000000088900000| PB 0x0000000088900000| Complete |  0
| 116|0x0000000088a00000, 0x0000000088b00000, 0x0000000088b00000|100%| E|CS|TAMS 0x0000000088a00000| PB 0x0000000088a00000| Complete |  0
| 117|0x0000000088b00000, 0x0000000088c00000, 0x0000000088c00000|100%| E|CS|TAMS 0x0000000088b00000| PB 0x0000000088b00000| Complete |  0
| 118|0x0000000088c00000, 0x0000000088d00000, 0x0000000088d00000|100%| E|CS|TAMS 0x0000000088c00000| PB 0x0000000088c00000| Complete |  0
| 119|0x0000000088d00000, 0x0000000088e00000, 0x0000000088e00000|100%| E|CS|TAMS 0x0000000088d00000| PB 0x0000000088d00000| Complete |  0
| 120|0x0000000088e00000, 0x0000000088f00000, 0x0000000088f00000|100%| E|CS|TAMS 0x0000000088e00000| PB 0x0000000088e00000| Complete |  0
| 121|0x0000000088f00000, 0x0000000089000000, 0x0000000089000000|100%| E|CS|TAMS 0x0000000088f00000| PB 0x0000000088f00000| Complete |  0
| 122|0x0000000089000000, 0x0000000089100000, 0x0000000089100000|100%| E|CS|TAMS 0x0000000089000000| PB 0x0000000089000000| Complete |  0
| 123|0x0000000089100000, 0x0000000089200000, 0x0000000089200000|100%| E|CS|TAMS 0x0000000089100000| PB 0x0000000089100000| Complete |  0
| 124|0x0000000089200000, 0x0000000089300000, 0x0000000089300000|100%| E|CS|TAMS 0x0000000089200000| PB 0x0000000089200000| Complete |  0
| 125|0x0000000089300000, 0x0000000089400000, 0x0000000089400000|100%| E|CS|TAMS 0x0000000089300000| PB 0x0000000089300000| Complete |  0
| 126|0x0000000089400000, 0x0000000089500000, 0x0000000089500000|100%| E|CS|TAMS 0x0000000089400000| PB 0x0000000089400000| Complete |  0
| 127|0x0000000089500000, 0x0000000089600000, 0x0000000089600000|100%| E|CS|TAMS 0x0000000089500000| PB 0x0000000089500000| Complete |  0
|2024|0x00000000ffe00000, 0x00000000fff00000, 0x00000000fff00000|100%| O|  |TAMS 0x00000000ffe00000| PB 0x00000000ffe00000| Untracked |  0
|2025|0x00000000fff00000, 0x00000000fff1d3c0, 0x0000000100000000| 11%| O|  |TAMS 0x00000000fff00000| PB 0x00000000fff00000| Untracked |  0

Card table byte_map: [0x0000028a8c600000,0x0000028a8ca00000] _byte_map_base: 0x0000028a8c1f5000

Marking Bits: (CMBitMap*) 0x0000028affab92f0
 Bits: [0x0000028a8ca00000, 0x0000028a8e9a8000)

Polling page: 0x0000028afdc40000

Metaspace:

Usage:
  Non-class:      3.63 MB used.
      Class:    431.73 KB used.
       Both:      4.05 MB used.

Virtual space:
  Non-class space:       64.00 MB reserved,       3.75 MB (  6%) committed,  1 nodes.
      Class space:        1.00 GB reserved,     512.00 KB ( <1%) committed,  1 nodes.
             Both:        1.06 GB reserved,       4.25 MB ( <1%) committed. 

Chunk freelists:
   Non-Class:  11.91 MB
       Class:  15.52 MB
        Both:  27.43 MB

MaxMetaspaceSize: unlimited
CompressedClassSpaceSize: 1.00 GB
Initial GC threshold: 21.00 MB
Current GC threshold: 21.00 MB
CDS: on
 - commit_granule_bytes: 65536.
 - commit_granule_words: 8192.
 - virtual_space_node_default_size: 8388608.
 - enlarge_chunks_in_place: 1.
UseCompressedClassPointers 1, UseCompactObjectHeaders 0
Narrow klass pointer bits 32, Max shift 3
Narrow klass base: 0x0000028a91000000, Narrow klass shift: 0
Encoding Range: [0x0000028a91000000 - 0x0000028b91000000), (4294967296 bytes)
Klass Range:    [0x0000028a91000000 - 0x0000028ad2000000), (1090519040 bytes)
Klass ID Range:  [8 - 1090519033) (1090519025)


Internal statistics:

num_allocs_failed_limit: 0.
num_arena_births: 80.
num_arena_deaths: 0.
num_vsnodes_births: 2.
num_vsnodes_deaths: 0.
num_space_committed: 68.
num_space_uncommitted: 0.
num_chunks_returned_to_freelist: 0.
num_chunks_taken_from_freelist: 87.
num_chunk_merges: 0.
num_chunk_splits: 61.
num_chunks_enlarged: 38.
num_inconsistent_stats: 0.

CodeCache: size=49152Kb used=3919Kb max_used=3919Kb free=45232Kb
 bounds [0x0000028a88fe0000, 0x0000028a893c0000, 0x0000028a8bfe0000]
 total_blobs=1917, nmethods=1464, adapters=377, full_count=0
Compilation: enabled, stopped_count=0, restarted_count=0

Compilation events (20 events):
Event: 1.119 Thread 0x0000028ad2201310 nmethod 1356 0x0000028a8938f808 code [0x0000028a8938f900, 0x0000028a8938f9c8]
Event: 1.119 Thread 0x0000028ad2117f00 nmethod 1355 0x0000028a8938fb08 code [0x0000028a8938fc00, 0x0000028a8938fcc8]
Event: 1.119 Thread 0x0000028ad2201310 1357       1       jdk.jfr.internal.PlatformEventType::isEnabled (5 bytes)
Event: 1.120 Thread 0x0000028ad2201310 nmethod 1357 0x0000028a8938fe08 code [0x0000028a8938ff00, 0x0000028a8938ffc8]
Event: 1.120 Thread 0x0000028ad2117f00 1358   !   1       jdk.jfr.internal.Control::setValue (102 bytes)
Event: 1.120 Thread 0x0000028ad2201310 1359       1       jdk.jfr.internal.SettingsManager$InternalSetting::getValues (35 bytes)
Event: 1.120 Thread 0x0000028ad2201aa0 1360       1       jdk.jfr.internal.Control::apply (10 bytes)
Event: 1.120 Thread 0x0000028ad2201aa0 nmethod 1360 0x0000028a89390108 code [0x0000028a89390220, 0x0000028a89390340]
Event: 1.120 Thread 0x0000028ad2201310 nmethod 1359 0x0000028a89390408 code [0x0000028a89390540, 0x0000028a89390750]
Event: 1.120 Thread 0x0000028ad2201aa0 1361       1       jdk.jfr.internal.Control::findCombine (121 bytes)
Event: 1.121 Thread 0x0000028ad2117f00 nmethod 1358 0x0000028a89390788 code [0x0000028a89390980, 0x0000028a89391028]
Event: 1.121 Thread 0x0000028ad2201aa0 nmethod 1361 0x0000028a89391108 code [0x0000028a893912c0, 0x0000028a89391a48]
Event: 1.121 Thread 0x0000028ad2201aa0 1362       1       java.lang.StringLatin1::getChar (9 bytes)
Event: 1.121 Thread 0x0000028ad2201aa0 nmethod 1362 0x0000028a89391a88 code [0x0000028a89391ba0, 0x0000028a89391c78]
Event: 1.130 Thread 0x0000028ad2201aa0 1363       1       jdk.jfr.internal.periodic.EventTask::getEventType (5 bytes)
Event: 1.130 Thread 0x0000028ad2201aa0 nmethod 1363 0x0000028a89391d88 code [0x0000028a89391e80, 0x0000028a89391f48]
Event: 1.130 Thread 0x0000028ad2117f00 1364       1       java.util.Comparator::lambda$comparingLong$6043328a$1 (18 bytes)
Event: 1.130 Thread 0x0000028ad2201aa0 1365       1       jdk.jfr.internal.periodic.PeriodicTask::getPeriod (5 bytes)
Event: 1.131 Thread 0x0000028ad2201aa0 nmethod 1365 0x0000028a89392088 code [0x0000028a89392180, 0x0000028a89392248]
Event: 1.131 Thread 0x0000028ad2117f00 nmethod 1364 0x0000028a89392388 code [0x0000028a893924c0, 0x0000028a89392680]

GC Heap History (0 events):
No events

Dll operation events (8 events):
Event: 0.085 Loaded shared library C:\Program Files\Java\jdk-24\bin\java.dll
Event: 0.307 Loaded shared library C:\Program Files\Java\jdk-24\bin\zip.dll
Event: 0.312 Loaded shared library C:\Program Files\Java\jdk-24\bin\instrument.dll
Event: 0.322 Loaded shared library C:\Program Files\Java\jdk-24\bin\net.dll
Event: 0.325 Loaded shared library C:\Program Files\Java\jdk-24\bin\nio.dll
Event: 0.331 Loaded shared library C:\Program Files\Java\jdk-24\bin\zip.dll
Event: 0.538 Loaded shared library C:\Program Files\Java\jdk-24\bin\extnet.dll
Event: 0.635 Loaded shared library C:\Program Files\Java\jdk-24\bin\jimage.dll

Deoptimization events (0 events):
No events

Classes loaded (20 events):
Event: 1.073 Loading class jdk/jfr/internal/MetadataWriter
Event: 1.073 Loading class jdk/jfr/internal/MetadataWriter done
Event: 1.073 Loading class jdk/jfr/internal/MetadataDescriptor$Element
Event: 1.074 Loading class jdk/jfr/internal/MetadataDescriptor$Element done
Event: 1.075 Loading class jdk/jfr/internal/MetadataDescriptor$Attribute
Event: 1.075 Loading class jdk/jfr/internal/MetadataDescriptor$Attribute done
Event: 1.094 Loading class jdk/jfr/internal/consumer/StringParser$Encoding
Event: 1.094 Loading class jdk/jfr/internal/consumer/StringParser$Encoding done
Event: 1.107 Loading class jdk/jfr/internal/consumer/RepositoryFiles
Event: 1.108 Loading class jdk/jfr/internal/consumer/RepositoryFiles done
Event: 1.111 Loading class jdk/jfr/internal/SettingsManager$InternalSetting
Event: 1.111 Loading class jdk/jfr/internal/SettingsManager$InternalSetting done
Event: 1.115 Loading class jdk/jfr/internal/util/Rate
Event: 1.115 Loading class jdk/jfr/internal/util/Rate done
Event: 1.115 Loading class jdk/jfr/internal/util/TimespanUnit
Event: 1.115 Loading class jdk/jfr/internal/util/TimespanUnit done
Event: 1.116 Loading class jdk/jfr/internal/util/ValueParser
Event: 1.116 Loading class jdk/jfr/internal/util/ValueParser done
Event: 1.122 Loading class jdk/jfr/internal/periodic/PeriodicType
Event: 1.122 Loading class jdk/jfr/internal/periodic/PeriodicType done

Classes unloaded (0 events):
No events

Classes redefined (0 events):
No events

Internal exceptions (19 events):
Event: 0.501 Thread 0x0000028afff8daa0 Exception <a 'java/lang/NoSuchMethodError'{0x0000000088fcc2e0}: 'void java.lang.invoke.DirectMethodHandle$Holder.invokeStatic(java.lang.Object, java.lang.Object, java.lang.Object)'> (0x0000000088fcc2e0) 
thrown [s\open\src\hotspot\share\interpreter\linkResolver.cpp, line 805]
Event: 0.513 Thread 0x0000028afff8daa0 Exception <a 'java/lang/NoSuchMethodError'{0x0000000088e010b8}: 'java.lang.Object java.lang.invoke.Invokers$Holder.invokeExact_MT(java.lang.Object, java.lang.Object, java.lang.Object, java.lang.Object, java.lang.Object)'> (0x0000000088e010b8) 
thrown [s\open\src\hotspot\share\interpreter\linkResolver.cpp, line 805]
Event: 0.532 Thread 0x0000028ad25bfcc0 Exception <a 'java/lang/NoSuchMethodError'{0x0000000088e85220}: 'java.lang.Object java.lang.invoke.DirectMethodHandle$Holder.invokeStaticInit(java.lang.Object)'> (0x0000000088e85220) 
thrown [s\open\src\hotspot\share\interpreter\linkResolver.cpp, line 805]
Event: 0.536 Thread 0x0000028afff8daa0 Exception <a 'java/lang/NoSuchMethodError'{0x0000000088e12220}: 'java.lang.Object java.lang.invoke.DirectMethodHandle$Holder.invokeStaticInit(java.lang.Object, java.lang.Object, java.lang.Object)'> (0x0000000088e12220) 
thrown [s\open\src\hotspot\share\interpreter\linkResolver.cpp, line 805]
Event: 0.543 Thread 0x0000028ad25bfcc0 Exception <a 'java/lang/NoSuchMethodError'{0x0000000088e8fe28}: 'void java.lang.invoke.DirectMethodHandle$Holder.invokeStatic(java.lang.Object, java.lang.Object)'> (0x0000000088e8fe28) 
thrown [s\open\src\hotspot\share\interpreter\linkResolver.cpp, line 805]
Event: 0.644 Thread 0x0000028afff8daa0 Exception <a 'java/lang/NoSuchMethodError'{0x0000000088c75f48}: 'java.lang.Object java.lang.invoke.DirectMethodHandle$Holder.invokeStatic(java.lang.Object, int, java.lang.Object)'> (0x0000000088c75f48) 
thrown [s\open\src\hotspot\share\interpreter\linkResolver.cpp, line 805]
Event: 0.672 Thread 0x0000028afff8daa0 Exception <a 'java/lang/NoSuchMethodError'{0x0000000088cce778}: 'void java.lang.invoke.DirectMethodHandle$Holder.invokeStaticInit(java.lang.Object)'> (0x0000000088cce778) 
thrown [s\open\src\hotspot\share\interpreter\linkResolver.cpp, line 805]
Event: 0.696 Thread 0x0000028afff8daa0 Exception <a 'java/lang/NoSuchMethodError'{0x0000000088b3ffc8}: 'void java.lang.invoke.DirectMethodHandle$Holder.invokeSpecial(java.lang.Object, java.lang.Object, java.lang.Object)'> (0x0000000088b3ffc8) 
thrown [s\open\src\hotspot\share\interpreter\linkResolver.cpp, line 805]
Event: 0.717 Thread 0x0000028afff8daa0 Exception <a 'java/lang/NoSuchMethodError'{0x0000000088ba7778}: 'java.lang.Object java.lang.invoke.DirectMethodHandle$Holder.newInvokeSpecial(java.lang.Object, java.lang.Object, java.lang.Object, java.lang.Object, java.lang.Object)'> (0x0000000088ba7778) 
thrown [s\open\src\hotspot\share\interpreter\linkResolver.cpp, line 805]
Event: 0.769 Thread 0x0000028afff8daa0 Exception <a 'java/lang/NoSuchMethodError'{0x00000000889bd980}: 'long java.lang.invoke.DirectMethodHandle$Holder.invokeVirtual(java.lang.Object, java.lang.Object)'> (0x00000000889bd980) 
thrown [s\open\src\hotspot\share\interpreter\linkResolver.cpp, line 805]
Event: 0.869 Thread 0x0000028afff8daa0 Exception <a 'java/lang/NoSuchMethodError'{0x0000000088612068}: 'int java.lang.invoke.DirectMethodHandle$Holder.invokeSpecial(java.lang.Object, java.lang.Object, java.lang.Object)'> (0x0000000088612068) 
thrown [s\open\src\hotspot\share\interpreter\linkResolver.cpp, line 805]
Event: 1.037 Thread 0x0000028afff8daa0 Exception <a 'java/lang/NoSuchMethodError'{0x00000000885e3c78}: 'void java.lang.invoke.DirectMethodHandle$Holder.invokeSpecial(java.lang.Object, java.lang.Object, int)'> (0x00000000885e3c78) 
thrown [s\open\src\hotspot\share\interpreter\linkResolver.cpp, line 805]
Event: 1.038 Thread 0x0000028afff8daa0 Exception <a 'java/lang/NoSuchMethodError'{0x00000000885eb898}: 'void java.lang.invoke.Invokers$Holder.invokeExact_MT(java.lang.Object, int, java.lang.Object)'> (0x00000000885eb898) 
thrown [s\open\src\hotspot\share\interpreter\linkResolver.cpp, line 805]
Event: 1.042 Thread 0x0000028afff8daa0 Exception <a 'java/lang/NoSuchMethodError'{0x0000000088406b10}: 'void java.lang.invoke.DirectMethodHandle$Holder.invokeStatic(java.lang.Object, java.lang.Object, int)'> (0x0000000088406b10) 
thrown [s\open\src\hotspot\share\interpreter\linkResolver.cpp, line 805]
Event: 1.043 Thread 0x0000028afff8daa0 Exception <a 'java/lang/NoSuchMethodError'{0x0000000088415c00}: 'java.lang.Object java.lang.invoke.DirectMethodHandle$Holder.newInvokeSpecial(java.lang.Object, java.lang.Object, int)'> (0x0000000088415c00) 
thrown [s\open\src\hotspot\share\interpreter\linkResolver.cpp, line 805]
Event: 1.045 Thread 0x0000028ad7fd16e0 Exception <a 'java/lang/NoSuchMethodError'{0x0000000088481328}: 'long java.lang.invoke.DirectMethodHandle$Holder.invokeSpecial(java.lang.Object, java.lang.Object)'> (0x0000000088481328) 
thrown [s\open\src\hotspot\share\interpreter\linkResolver.cpp, line 805]
Event: 1.054 Thread 0x0000028afff8daa0 Exception <a 'sun/nio/fs/WindowsException'{0x000000008844abd0}> (0x000000008844abd0) 
thrown [s\open\src\hotspot\share\prims\jni.cpp, line 518]
Event: 1.059 Thread 0x0000028afff8daa0 Exception <a 'sun/nio/fs/WindowsException'{0x0000000088457ad8}> (0x0000000088457ad8) 
thrown [s\open\src\hotspot\share\prims\jni.cpp, line 518]
Event: 1.067 Thread 0x0000028afff8daa0 Exception <a 'sun/nio/fs/WindowsException'{0x0000000088469948}> (0x0000000088469948) 
thrown [s\open\src\hotspot\share\prims\jni.cpp, line 518]

VM Operations (8 events):
Event: 0.259 Executing VM operation: HandshakeAllThreads (Deoptimize)
Event: 0.259 Executing VM operation: HandshakeAllThreads (Deoptimize) done
Event: 1.047 Executing VM operation: HandshakeAllThreads (Deoptimize)
Event: 1.047 Executing VM operation: HandshakeAllThreads (Deoptimize) done
Event: 1.051 Executing VM operation: HandshakeAllThreads (Deoptimize)
Event: 1.051 Executing VM operation: HandshakeAllThreads (Deoptimize) done
Event: 1.108 Executing VM operation: JFRSafepointClear
Event: 1.108 Executing VM operation: JFRSafepointClear done

Memory protections (0 events):
No events

Nmethod flushes (0 events):
No events

Events (14 events):
Event: 0.104 Thread 0x0000028afff8daa0 Thread added: 0x0000028afff8daa0
Event: 0.119 Thread 0x0000028afff8daa0 Thread added: 0x0000028affbe21f0
Event: 0.119 Thread 0x0000028afff8daa0 Thread added: 0x0000028affbe31e0
Event: 0.119 Thread 0x0000028afff8daa0 Thread added: 0x0000028affbe7e10
Event: 0.119 Thread 0x0000028afff8daa0 Thread added: 0x0000028affbe8b40
Event: 0.119 Thread 0x0000028afff8daa0 Thread added: 0x0000028affbeb9a0
Event: 0.119 Thread 0x0000028afff8daa0 Thread added: 0x0000028ad20e0fe0
Event: 0.120 Thread 0x0000028afff8daa0 Thread added: 0x0000028ad2117f00
Event: 0.231 Thread 0x0000028afff8daa0 Thread added: 0x0000028ad21f7e00
Event: 0.262 Thread 0x0000028ad2117f00 Thread added: 0x0000028ad2201310
Event: 0.263 Thread 0x0000028ad2117f00 Thread added: 0x0000028ad2201aa0
Event: 0.518 Thread 0x0000028afff8daa0 Thread added: 0x0000028ad25bfcc0
Event: 0.668 Thread 0x0000028afff8daa0 Thread added: 0x0000028ad2a5a8f0
Event: 1.045 Thread 0x0000028afff8daa0 Thread added: 0x0000028ad7fd16e0


Dynamic libraries:
0x00007ff6d3420000 - 0x00007ff6d3430000 	C:\Program Files\Java\jdk-24\bin\java.exe
0x00007ff926e10000 - 0x00007ff927027000 	C:\Windows\SYSTEM32\ntdll.dll
0x00007ff924cd0000 - 0x00007ff924d94000 	C:\Windows\System32\KERNEL32.DLL
0x00007ff9242c0000 - 0x00007ff924693000 	C:\Windows\System32\KERNELBASE.dll
0x00007ff9241a0000 - 0x00007ff9242b1000 	C:\Windows\System32\ucrtbase.dll
0x00007ff9078e0000 - 0x00007ff9078f6000 	C:\Program Files\Java\jdk-24\bin\jli.dll
0x00007ff9051a0000 - 0x00007ff9051bb000 	C:\Program Files\Java\jdk-24\bin\VCRUNTIME140.dll
0x00007ff925ab0000 - 0x00007ff925c61000 	C:\Windows\System32\USER32.dll
0x00007ff9246a0000 - 0x00007ff9246c6000 	C:\Windows\System32\win32u.dll
0x00007ff924b80000 - 0x00007ff924ba9000 	C:\Windows\System32\GDI32.dll
0x00007ff90f260000 - 0x00007ff90f4f8000 	C:\Windows\WinSxS\amd64_microsoft.windows.common-controls_6595b64144ccf1df_6.0.22621.5124_none_270e8f4f7386d69d\COMCTL32.dll
0x00007ff9248f0000 - 0x00007ff924a0b000 	C:\Windows\System32\gdi32full.dll
0x00007ff924fa0000 - 0x00007ff925047000 	C:\Windows\System32\msvcrt.dll
0x00007ff924a10000 - 0x00007ff924aaa000 	C:\Windows\System32\msvcp_win.dll
0x00007ff924f10000 - 0x00007ff924f41000 	C:\Windows\System32\IMM32.DLL
0x00007ff91c6c0000 - 0x00007ff91c6cc000 	C:\Program Files\Java\jdk-24\bin\vcruntime140_1.dll
0x00007ff8cfc10000 - 0x00007ff8cfc9e000 	C:\Program Files\Java\jdk-24\bin\msvcp140.dll
0x00007ff8973f0000 - 0x00007ff898192000 	C:\Program Files\Java\jdk-24\bin\server\jvm.dll
0x00007ff924ac0000 - 0x00007ff924b71000 	C:\Windows\System32\ADVAPI32.dll
0x00007ff925eb0000 - 0x00007ff925f58000 	C:\Windows\System32\sechost.dll
0x00007ff9248c0000 - 0x00007ff9248e8000 	C:\Windows\System32\bcrypt.dll
0x00007ff926cb0000 - 0x00007ff926dc4000 	C:\Windows\System32\RPCRT4.dll
0x00007ff9260e0000 - 0x00007ff926151000 	C:\Windows\System32\WS2_32.dll
0x00007ff923df0000 - 0x00007ff923e3d000 	C:\Windows\SYSTEM32\POWRPROF.dll
0x00007ff91c3e0000 - 0x00007ff91c414000 	C:\Windows\SYSTEM32\WINMM.dll
0x00007ff918350000 - 0x00007ff91835a000 	C:\Windows\SYSTEM32\VERSION.dll
0x00007ff923dd0000 - 0x00007ff923de3000 	C:\Windows\SYSTEM32\UMPDC.dll
0x00007ff922f10000 - 0x00007ff922f28000 	C:\Windows\SYSTEM32\kernel.appcore.dll
0x00007ff90f030000 - 0x00007ff90f03a000 	C:\Program Files\Java\jdk-24\bin\jimage.dll
0x00007ff9219e0000 - 0x00007ff921c12000 	C:\Windows\SYSTEM32\DBGHELP.DLL
0x00007ff926830000 - 0x00007ff926bc2000 	C:\Windows\System32\combase.dll
0x00007ff926bd0000 - 0x00007ff926ca7000 	C:\Windows\System32\OLEAUT32.dll
0x00007ff90cba0000 - 0x00007ff90cbd2000 	C:\Windows\SYSTEM32\dbgcore.DLL
0x00007ff9246d0000 - 0x00007ff92474b000 	C:\Windows\System32\bcryptPrimitives.dll
0x00007ff90e610000 - 0x00007ff90e61f000 	C:\Program Files\Java\jdk-24\bin\instrument.dll
0x00007ff901c20000 - 0x00007ff901c3e000 	C:\Program Files\Java\jdk-24\bin\java.dll
0x00007ff925050000 - 0x00007ff9251f1000 	C:\Windows\System32\ole32.dll
0x00007ff925210000 - 0x00007ff925aa6000 	C:\Windows\System32\SHELL32.dll
0x00007ff923f20000 - 0x00007ff92405f000 	C:\Windows\System32\wintypes.dll
0x00007ff8cfa00000 - 0x00007ff8cfc0e000 	C:\Users\elkas\AppData\Local\Temp\idea_libasyncProfiler_dll_temp_folder\libasyncProfiler.dll
0x00007ff921df0000 - 0x00007ff92270a000 	C:\Windows\SYSTEM32\windows.storage.dll
0x00007ff924bb0000 - 0x00007ff924cba000 	C:\Windows\System32\SHCORE.dll
0x00007ff924da0000 - 0x00007ff924e03000 	C:\Windows\System32\shlwapi.dll
0x00007ff923e50000 - 0x00007ff923e7b000 	C:\Windows\SYSTEM32\profapi.dll
0x00007ff901a10000 - 0x00007ff901a27000 	C:\Program Files\Java\jdk-24\bin\zip.dll
0x00007ff90c580000 - 0x00007ff90c590000 	C:\Program Files\Java\jdk-24\bin\net.dll
0x00007ff923380000 - 0x00007ff9233ea000 	C:\Windows\system32\mswsock.dll
0x00007ff9019f0000 - 0x00007ff901a06000 	C:\Program Files\Java\jdk-24\bin\nio.dll
0x00007ff907a90000 - 0x00007ff907a99000 	C:\Program Files\Java\jdk-24\bin\extnet.dll
0x00007ff9229e0000 - 0x00007ff922ae2000 	C:\Windows\SYSTEM32\DNSAPI.dll
0x00007ff922970000 - 0x00007ff92299d000 	C:\Windows\SYSTEM32\IPHLPAPI.DLL
0x00007ff925200000 - 0x00007ff925209000 	C:\Windows\System32\NSI.dll
0x0000000076740000 - 0x0000000076766000 	C:\Program Files\Bonjour\mdnsNSP.dll
0x00007ff919e50000 - 0x00007ff919e5a000 	C:\Windows\System32\rasadhlp.dll
0x00007ff9196c0000 - 0x00007ff919743000 	C:\Windows\System32\fwpuclnt.dll
0x00007ff907920000 - 0x00007ff90792a000 	C:\Program Files\Java\jdk-24\bin\management.dll
0x00007ff906560000 - 0x00007ff90656b000 	C:\Program Files\Java\jdk-24\bin\management_ext.dll
0x00007ff924f70000 - 0x00007ff924f78000 	C:\Windows\System32\PSAPI.DLL

dbghelp: loaded successfully - version: 4.0.5 - missing functions: none
symbol engine: initialized successfully - sym options: 0x614 - pdb path: .;C:\Program Files\Java\jdk-24\bin;C:\Windows\SYSTEM32;C:\Windows\WinSxS\amd64_microsoft.windows.common-controls_6595b64144ccf1df_6.0.22621.5124_none_270e8f4f7386d69d;C:\Program Files\Java\jdk-24\bin\server;C:\Users\elkas\AppData\Local\Temp\idea_libasyncProfiler_dll_temp_folder;C:\Program Files\Bonjour

VM Arguments:
jvm_args: -XX:TieredStopAtLevel=1 -Dspring.output.ansi.enabled=always -Dcom.sun.management.jmxremote -Dspring.jmx.enabled=true -Dspring.liveBeansView.mbeanDomain -Dspring.application.admin.enabled=true -Dmanagement.endpoints.jmx.exposure.include=* -javaagent:C:\Program Files\JetBrains\IntelliJ IDEA 2024.3.5\lib\idea_rt.jar=58766 -agentpath:C:\Users\elkas\AppData\Local\Temp\idea_libasyncProfiler_dll_temp_folder\libasyncProfiler.dll=start,jfr,event=wall,interval=10ms,jfrsync=profile,cstack=no,file=C:\Users\elkas\IdeaSnapshots\StageApplication_2025_04_15_052930.jfr,dbghelppath=C:\Users\elkas\AppData\Local\Temp\idea_dbghelp_dll_temp_folder\dbghelp.dll,log=C:\Users\elkas\AppData\Local\Temp\StageApplication_2025_04_15_052930.jfr.log.txt,logLevel=DEBUG -Dfile.encoding=UTF-8 -Dsun.stdout.encoding=UTF-8 -Dsun.stderr.encoding=UTF-8 
java_command: com.hamzaelkasmi.stage.StageApplication
java_class_path (initial): C:\Users\elkas\IdeaProjects\stage\target\classes;C:\Users\elkas\.m2\repository\org\springframework\boot\spring-boot-starter-web\3.4.4\spring-boot-starter-web-3.4.4.jar;C:\Users\elkas\.m2\repository\org\springframework\boot\spring-boot-starter\3.4.4\spring-boot-starter-3.4.4.jar;C:\Users\elkas\.m2\repository\org\springframework\boot\spring-boot-starter-logging\3.4.4\spring-boot-starter-logging-3.4.4.jar;C:\Users\elkas\.m2\repository\ch\qos\logback\logback-classic\1.5.18\logback-classic-1.5.18.jar;C:\Users\elkas\.m2\repository\ch\qos\logback\logback-core\1.5.18\logback-core-1.5.18.jar;C:\Users\elkas\.m2\repository\org\apache\logging\log4j\log4j-to-slf4j\2.24.3\log4j-to-slf4j-2.24.3.jar;C:\Users\elkas\.m2\repository\org\apache\logging\log4j\log4j-api\2.24.3\log4j-api-2.24.3.jar;C:\Users\elkas\.m2\repository\org\slf4j\jul-to-slf4j\2.0.17\jul-to-slf4j-2.0.17.jar;C:\Users\elkas\.m2\repository\jakarta\annotation\jakarta.annotation-api\2.1.1\jakarta.annotation-api-2.1.1.jar;C:\Users\elkas\.m2\repository\org\yaml\snakeyaml\2.3\snakeyaml-2.3.jar;C:\Users\elkas\.m2\repository\org\springframework\boot\spring-boot-starter-json\3.4.4\spring-boot-starter-json-3.4.4.jar;C:\Users\elkas\.m2\repository\com\fasterxml\jackson\core\jackson-databind\2.18.3\jackson-databind-2.18.3.jar;C:\Users\elkas\.m2\repository\com\fasterxml\jackson\core\jackson-annotations\2.18.3\jackson-annotations-2.18.3.jar;C:\Users\elkas\.m2\repository\com\fasterxml\jackson\core\jackson-core\2.18.3\jackson-core-2.18.3.jar;C:\Users\elkas\.m2\repository\com\fasterxml\jackson\datatype\jackson-datatype-jdk8\2.18.3\jackson-datatype-jdk8-2.18.3.jar;C:\Users\elkas\.m2\repository\com\fasterxml\jackson\datatype\jackson-datatype-jsr310\2.18.3\jackson-datatype-jsr310-2.18.3.jar;C:\Users\elkas\.m2\repository\com\fasterxml\jackson\module\jackson-module-parameter-names\2.18.3\jackson-module-parameter-names-2.18.3.jar;C:\Users\elkas\.m2\repository\org\springframework\boot\spring-boot-starter-tomcat\3.4.4\spring-boot-starter-tomcat-3.4.4.jar;C:\Users\elkas\.m2\repository\org\apache\tomcat\embed\tomcat-embed-core\10.1.39\tomcat-embed-core-10.1.39.jar;C:\Users\elkas\.m2\repository\org\apache\tomcat\embed\tomcat-embed-el\10.1.39\tomcat-embed-el-10.1.39.jar;C:\Users\elkas\.m2\repository\org\apache\tomcat\embed\tomcat-embed-websocket\10.1.39\tomcat-embed-websocket-10.1.39.jar;C:\Users\elkas\.m2\repository\org\springframework\spring-web\6.2.5\spring-web-6.2.5.jar;C:\Users\elkas\.m2\repository\org\springframework\spring-beans\6.2.5\spring-beans-6.2.5.jar;C:\Users\elkas\.m2\repository\io\micrometer\micrometer-observation\1.14.5\micrometer-observation-1.14.5.jar;C:\Users\elkas\.m2\repository\io\micrometer\micrometer-commons\1.14.5\micrometer-commons-1.14.5.jar;C:\Users\elkas\.m2\repository\org\springframework\spring-webmvc\6.2.5\spring-webmvc-6.2.5.jar;C:\Users\elkas\.m2\repository\org\springframework\spring-aop\6.2.5\spring-aop-6.2.5.jar;C:\Users\elkas\.m2\repository\org\springframework\spring-context\6.2.5\spring-context-6.2.5.jar;C:\Users\elkas\.m2\repository\org\springframework\spring-expression\6.2.5\spring-expression-6.2.5.jar;C:\Users\elkas\.m2\repository\org\springframework\boot\spring-boot-starter-data-jpa\3.4.4\spring-boot-starter-data-jpa-3.4.4.jar;C:\Users\elkas\.m2\repository\org\springframework\boot\spring-boot-starter-jdbc\3.4.4\spring-boot-starter-jdbc-3.4.4.jar;C:\Users\elkas\.m2\repository\com\zaxxer\HikariCP\5.1.0\HikariCP-5.1.0.jar;C:\Users\elkas\.m2\repository\org\springframework\spring-jdbc\6.2.5\spring-jdbc-6.2.5.jar;C:\Users\elkas\.m2\repository\org\hibernate\orm\hibernate-core\6.6.11.Final\hibernate-core-6.6.11.Final.jar;C:\Users\elkas\.m2\repository\jakarta\transaction\jakarta.transaction-api\2.0.1\jakarta.transaction-api-2.0.1.jar;C:\Users\elkas\.m2\repository\org\jboss\logging\jboss-logging\3.6.1.Final\jboss-logging-3.6.1.Final.jar;C:\Users\elkas\.m2\repository\org\hibernate\common\hibernate-commons-annotations\7.0.3.Final\hibernate-commons-annotations-7.0.3.Final.jar;C:\Users\elkas\.m2\repository\io\smallrye\jandex\3.2.0\jandex-3.2.0.jar;C:\Users\elkas\.m2\repository\com\fasterxml\classmate\1.7.0\classmate-1.7.0.jar;C:\Users\elkas\.m2\repository\net\bytebuddy\byte-buddy\1.15.11\byte-buddy-1.15.11.jar;C:\Users\elkas\.m2\repository\org\glassfish\jaxb\jaxb-runtime\4.0.5\jaxb-runtime-4.0.5.jar;C:\Users\elkas\.m2\repository\org\glassfish\jaxb\jaxb-core\4.0.5\jaxb-core-4.0.5.jar;C:\Users\elkas\.m2\repository\org\eclipse\angus\angus-activation\2.0.2\angus-activation-2.0.2.jar;C:\Users\elkas\.m2\repository\org\glassfish\jaxb\txw2\4.0.5\txw2-4.0.5.jar;C:\Users\elkas\.m2\repository\com\sun\istack\istack-commons-runtime\4.1.2\istack-commons-runtime-4.1.2.jar;C:\Users\elkas\.m2\repository\jakarta\inject\jakarta.inject-api\2.0.1\jakarta.inject-api-2.0.1.jar;C:\Users\elkas\.m2\repository\org\antlr\antlr4-runtime\4.13.0\antlr4-runtime-4.13.0.jar;C:\Users\elkas\.m2\repository\org\springframework\data\spring-data-jpa\3.4.4\spring-data-jpa-3.4.4.jar;C:\Users\elkas\.m2\repository\org\springframework\data\spring-data-commons\3.4.4\spring-data-commons-3.4.4.jar;C:\Users\elkas\.m2\repository\org\springframework\spring-orm\6.2.5\spring-orm-6.2.5.jar;C:\Users\elkas\.m2\repository\org\springframework\spring-tx\6.2.5\spring-tx-6.2.5.jar;C:\Users\elkas\.m2\repository\org\slf4j\slf4j-api\2.0.17\slf4j-api-2.0.17.jar;C:\Users\elkas\.m2\repository\org\springframework\spring-aspects\6.2.5\spring-aspects-6.2.5.jar;C:\Users\elkas\.m2\repository\org\aspectj\aspectjweaver\1.9.23\aspectjweaver-1.9.23.jar;C:\Users\elkas\.m2\repository\com\mysql\mysql-connector-j\9.0.0\mysql-connector-j-9.0.0.jar;C:\Users\elkas\.m2\repository\org\springframework\boot\spring-boot-devtools\3.4.4\spring-boot-devtools-3.4.4.jar;C:\Users\elkas\.m2\repository\org\springframework\boot\spring-boot\3.4.4\spring-boot-3.4.4.jar;C:\Users\elkas\.m2\repository\org\springframework\boot\spring-boot-autoconfigure\3.4.4\spring-boot-autoconfigure-3.4.4.jar;C:\Users\elkas\.m2\repository\jakarta\xml\bind\jakarta.xml.bind-api\4.0.2\jakarta.xml.bind-api-4.0.2.jar;C:\Users\elkas\.m2\repository\jakarta\activation\jakarta.activation-api\2.1.3\jakarta.activation-api-2.1.3.jar;C:\Users\elkas\.m2\repository\org\springframework\spring-core\6.2.5\spring-core-6.2.5.jar;C:\Users\elkas\.m2\repository\org\springframework\spring-jcl\6.2.5\spring-jcl-6.2.5.jar;C:\Users\elkas\.m2\repository\jakarta\persistence\jakarta.persistence-api\3.0.0\jakarta.persistence-api-3.0.0.jar
Launcher Type: SUN_STANDARD

[Global flags]
     intx CICompilerCount                          = 3                                         {product} {ergonomic}
     uint ConcGCThreads                            = 1                                         {product} {ergonomic}
     bool FlightRecorder                           = true                                      {product} {management}
     uint G1ConcRefinementThreads                  = 4                                         {product} {ergonomic}
   size_t G1HeapRegionSize                         = 1048576                                   {product} {ergonomic}
   size_t InitialHeapSize                          = 134217728                                 {product} {ergonomic}
     bool ManagementServer                         = true                                      {product} {command line}
   size_t MarkStackSize                            = 4194304                                   {product} {ergonomic}
   size_t MarkStackSizeMax                         = 536870912                                 {product} {ergonomic}
   size_t MaxHeapSize                              = 2124414976                                {product} {ergonomic}
   size_t MaxNewSize                               = 1274019840                                {product} {ergonomic}
   size_t MinHeapDeltaBytes                        = 1048576                                   {product} {ergonomic}
   size_t MinHeapSize                              = 8388608                                   {product} {ergonomic}
    uintx NonNMethodCodeHeapSize                   = 4096                                   {pd product} {ergonomic}
    uintx NonProfiledCodeHeapSize                  = 0                                      {pd product} {ergonomic}
     bool ProfileInterpreter                       = false                                  {pd product} {command line}
    uintx ProfiledCodeHeapSize                     = 0                                      {pd product} {ergonomic}
   size_t SoftMaxHeapSize                          = 2124414976                             {manageable} {ergonomic}
     intx TieredStopAtLevel                        = 1                                         {product} {command line}
     bool UseCompressedOops                        = true                           {product lp64_product} {ergonomic}
     bool UseG1GC                                  = true                                      {product} {ergonomic}
     bool UseLargePagesIndividualAllocation        = false                                  {pd product} {ergonomic}

Logging:
Log output configuration:
 #0: stdout all=warning uptime,level,tags foldmultilines=false
 #1: stderr all=off uptime,level,tags foldmultilines=false

Environment Variables:
JAVA_HOME=C:\Program Files\Java\jdk-23
PATH=C:\Program Files\Common Files\Oracle\Java\javapath;C:\Program Files (x86)\Common Files\Oracle\Java\java8path;C:\Program Files (x86)\Common Files\Oracle\Java\javapath;c:\Users\elkas\AppData\Local\Programs\cursor\resources\app\bin;C:\Program Files (x86)\Microsoft\Edge\Application;C:\Program Files (x86)\NVIDIA Corporation\PhysX\Common;C:\Windows\system32;C:\Windows;C:\Windows\System32\Wbem;C:\Windows\System32\WindowsPowerShell\v1.0\;C:\Windows\System32\OpenSSH\;C:\Program Files\dotnet\;C:\ProgramData\chocolatey\bin;C:\Program Files (x86)\dotnet\C:\ProgramData\ComposerSetup\bin;C:\ProgramData\ComposerSetup\bin;C:\Program Files\Graphviz\bin;C:\sonar-scanner-6.2.1.4610-windows-x64\bin;C:\Users\elkas\Desktop\platform-tools;D:\downloadMiscellaneous\Heimdall-Windows-master-012220;C:\wamp64\bin\php\php8.3.6;C:\Program Files\MySQL\MySQL Serve;C:\Users\elkas\AppData\Local\Programs\Python\Python313;C:\Users\elkas\AppData\Local\Programs\Python\Python313\Scripts;C:\Program Files\Git\cmd;C:\Program Files\nodejs\;C:\ProgramData\chocolatey\lib\maven\apache-maven-3.9.9\bin;c:\Users\elkas\AppData\Local\Programs\Trae\bin;C:\Program Files\MySQL\MySQL Shell 8.0\bin\;C:\Users\elkas\AppData\Local\Microsoft\WindowsApps;C:\Users\elkas\AppData\Local\Programs\Microsoft VS Code\bin;C:\Users\elkas\AppData\Roaming\Composer\vendor\bin;C:\Users\elkas\AppData\Local\spicetify;C:\Users\elkas\AppData\Local\Programs\cursor\resources\app\bin;C:\Users\elkas\AppData\Roaming\npm;C:\Program Files\JetBrains\IntelliJ IDEA Community Edition 2024.3.5\bin;;C:\Program Files\JetBrains\IntelliJ IDEA 2024.3.5\bin;
USERNAME=elkas
OS=Windows_NT
PROCESSOR_IDENTIFIER=Intel64 Family 6 Model 78 Stepping 3, GenuineIntel
TMP=C:\Users\elkas\AppData\Local\Temp
TEMP=C:\Users\elkas\AppData\Local\Temp




Periodic native trim disabled

---------------  S Y S T E M  ---------------

OS:
 Windows 11 , 64 bit Build 22621 (10.0.22621.5124)
OS uptime: 0 days 3:06 hours
Hyper-V role detected

CPU: total 4 (initial active 4) (2 cores per cpu, 2 threads per core) family 6 model 78 stepping 3 microcode 0xd6, cx8, cmov, fxsr, ht, mmx, 3dnowpref, sse, sse2, sse3, ssse3, sse4.1, sse4.2, popcnt, lzcnt, tsc, tscinvbit, avx, avx2, aes, erms, clmul, bmi1, bmi2, adx, fma, vzeroupper, clflush, clflushopt, hv, rdtscp, f16c
Processor Information for the first 4 processors :
  Max Mhz: 2400, Current Mhz: 2300, Mhz Limit: 2280

Memory: 4k page, system-wide physical 8097M (1214M free)
TotalPageFile size 16583M (AvailPageFile size 3116M)
current process WorkingSet (physical memory assigned to process): 79M, peak: 79M
current process commit charge ("private bytes"): 245M, peak: 245M

vm_info: Java HotSpot(TM) 64-Bit Server VM (24+36-3646) for windows-amd64 JRE (24+36-3646), built on 2025-02-06T00:20:43Z with MS VC++ 17.6 (VS2022)

END.
